[ 2016-09-04T23:59:25+08:00 ] 106.46.46.151 /weixin/index.php?s=/addon/CourseList/CourseList/course/openid/oikLjwKwcxVRTclwUqQJ_fsoR5s4.html
SQL: SELECT * FROM `wp_addons` WHERE ( `name` = 'CourseList' ) LIMIT 1   [ RunTime:0.000059s ]
NOTIC: [8] Undefined index: query /home/ubuntu/blog/weixin/ThinkPHP/Common/functions.php 第 787 行.
SQL: SHOW COLUMNS FROM `wp_tongji` [ RunTime:0.000600s ]
SQL: SELECT * FROM `wp_tongji` WHERE ( `token` = -1 ) AND ( `day` = 20160904 ) LIMIT 1   [ RunTime:0.000381s ]
SQL: UPDATE `wp_tongji` SET `content`='a:10:{s:3:\"Lib\";i:341;s:6:\"Kclass\";i:6961;s:10:\"CourseList\";i:16182;s:8:\"BxqScore\";i:3216;s:6:\"JiDian\";i:1601;s:7:\"Binding\";i:47606;s:5:\"Ubind\";i:9056;s:11:\"LinianScore\";i:2105;s:4:\"TiCe\";i:117;s:6:\"Repair\";i:160;}' WHERE ( `token` = -1 ) AND ( `day` = 20160904 ) [ RunTime:0.001843s ]
INFO: [ action_begin ] --START--
INFO: [ action_begin ] --END-- [ RunTime:-0.010194s ]
SQL: SELECT `public_name` FROM `wp_member_public` WHERE ( `token` = -1 ) LIMIT 1   [ RunTime:0.000150s ]
SQL: SELECT * FROM `wp_follow` WHERE ( `token` = -1 ) AND ( `openid` = 'oikLjwKwcxVRTclwUqQJ_fsoR5s4' ) LIMIT 1   [ RunTime:0.000192s ]
NOTIC: [8] Undefined index: need_bind /home/ubuntu/blog/weixin/ThinkPHP/Library/Think/Controller.class.php 第 199 行.
NOTIC: [8] Undefined index: uid /home/ubuntu/blog/weixin/ThinkPHP/Library/Think/Controller.class.php 第 232 行.
SQL: SHOW COLUMNS FROM `wp_user` [ RunTime:0.001078s ]
SQL: SELECT `webcourse` FROM `wp_user` WHERE ( openid="oikLjwKwcxVRTclwUqQJ_fsoR5s4" ) LIMIT 1   [ RunTime:0.000221s ]
INFO: [ view_begin ] --START--
INFO: [ view_begin ] --END-- [ RunTime:0.000015s ]
INFO: [ view_parse ] --START--
INFO: [ template_filter ] --START--
INFO: Run Behavior\ContentReplace [ RunTime:0.000107s ]
INFO: [ template_filter ] --END-- [ RunTime:0.000151s ]
NOTIC: [8] Undefined index: score /home/ubuntu/blog/weixin/Runtime/Cache/Home/38493e23312e3279c17c1f9b658f7bc2.php 第 302 行.
NOTIC: [8] Undefined index: query /home/ubuntu/blog/weixin/ThinkPHP/Common/functions.php 第 787 行.
NOTIC: [8] Undefined index: query /home/ubuntu/blog/weixin/ThinkPHP/Common/functions.php 第 787 行.
NOTIC: [8] Undefined index: query /home/ubuntu/blog/weixin/ThinkPHP/Common/functions.php 第 787 行.
NOTIC: [8] Undefined index: query /home/ubuntu/blog/weixin/ThinkPHP/Common/functions.php 第 787 行.
NOTIC: [8] Undefined index: query /home/ubuntu/blog/weixin/ThinkPHP/Common/functions.php 第 787 行.
INFO: Run Behavior\ParseTemplate [ RunTime:0.005156s ]
INFO: [ view_parse ] --END-- [ RunTime:0.005190s ]
INFO: [ view_filter ] --START--
INFO: Run Behavior\WriteHtmlCache [ RunTime:0.000012s ]
INFO: [ view_filter ] --END-- [ RunTime:0.000033s ]
INFO: [ view_end ] --START--
INFO: [ view_end ] --END-- [ RunTime:0.000015s ]
INFO: [ app_end ] --START--
INFO: Run Behavior\ShowPageTrace [ RunTime:0.000022s ]
INFO: [ app_end ] --END-- [ RunTime:0.000043s ]

[ 2016-09-04T23:59:30+08:00 ] 223.89.81.124 /weixin/index.php?s=/addon/Ubind/Ubind/index/openid/oikLjwLuQd1xojFSQVIJnVHZGWrk.html
SQL: SELECT * FROM `wp_addons` WHERE ( `name` = 'Ubind' ) LIMIT 1   [ RunTime:0.000049s ]
NOTIC: [8] Undefined index: query /home/ubuntu/blog/weixin/ThinkPHP/Common/functions.php 第 787 行.
SQL: SHOW COLUMNS FROM `wp_tongji` [ RunTime:0.000470s ]
SQL: SELECT * FROM `wp_tongji` WHERE ( `token` = -1 ) AND ( `day` = 20160904 ) LIMIT 1   [ RunTime:0.000382s ]
SQL: UPDATE `wp_tongji` SET `content`='a:10:{s:3:\"Lib\";i:341;s:6:\"Kclass\";i:6961;s:10:\"CourseList\";i:16182;s:8:\"BxqScore\";i:3216;s:6:\"JiDian\";i:1601;s:7:\"Binding\";i:47606;s:5:\"Ubind\";i:9057;s:11:\"LinianScore\";i:2105;s:4:\"TiCe\";i:117;s:6:\"Repair\";i:160;}' WHERE ( `token` = -1 ) AND ( `day` = 20160904 ) [ RunTime:0.001785s ]
INFO: [ action_begin ] --START--
INFO: [ action_begin ] --END-- [ RunTime:-0.007916s ]
SQL: SELECT `public_name` FROM `wp_member_public` WHERE ( `token` = -1 ) LIMIT 1   [ RunTime:0.000138s ]
SQL: SELECT * FROM `wp_follow` WHERE ( `token` = -1 ) AND ( `openid` = 'oikLjwLuQd1xojFSQVIJnVHZGWrk' ) LIMIT 1   [ RunTime:0.000179s ]
NOTIC: [8] Undefined index: need_bind /home/ubuntu/blog/weixin/ThinkPHP/Library/Think/Controller.class.php 第 199 行.
NOTIC: [8] Undefined index: uid /home/ubuntu/blog/weixin/ThinkPHP/Library/Think/Controller.class.php 第 232 行.
INFO: [ view_begin ] --START--
INFO: [ view_begin ] --END-- [ RunTime:0.000013s ]
INFO: [ view_parse ] --START--
INFO: [ template_filter ] --START--
INFO: Run Behavior\ContentReplace [ RunTime:0.000035s ]
INFO: [ template_filter ] --END-- [ RunTime:0.000075s ]
NOTIC: [8] Undefined index: query /home/ubuntu/blog/weixin/ThinkPHP/Common/functions.php 第 787 行.
INFO: Run Behavior\ParseTemplate [ RunTime:0.001811s ]
INFO: [ view_parse ] --END-- [ RunTime:0.001837s ]
INFO: [ view_filter ] --START--
INFO: Run Behavior\WriteHtmlCache [ RunTime:0.000010s ]
INFO: [ view_filter ] --END-- [ RunTime:0.000035s ]
INFO: [ view_end ] --START--
INFO: [ view_end ] --END-- [ RunTime:0.000009s ]
INFO: [ app_end ] --START--
INFO: Run Behavior\ShowPageTrace [ RunTime:0.000019s ]
INFO: [ app_end ] --END-- [ RunTime:0.000045s ]

[ 2016-09-04T23:59:33+08:00 ] 223.89.81.124 /weixin/index.php?s=/addon/Ubind/Ubind/unbind.html
SQL: SELECT * FROM `wp_addons` WHERE ( `name` = 'Ubind' ) LIMIT 1   [ RunTime:0.000068s ]
NOTIC: [8] Undefined index: query /home/ubuntu/blog/weixin/ThinkPHP/Common/functions.php 第 787 行.
SQL: SHOW COLUMNS FROM `wp_tongji` [ RunTime:0.000444s ]
SQL: SELECT * FROM `wp_tongji` WHERE ( `token` = -1 ) AND ( `day` = 20160904 ) LIMIT 1   [ RunTime:0.000415s ]
SQL: UPDATE `wp_tongji` SET `content`='a:10:{s:3:\"Lib\";i:341;s:6:\"Kclass\";i:6961;s:10:\"CourseList\";i:16182;s:8:\"BxqScore\";i:3216;s:6:\"JiDian\";i:1601;s:7:\"Binding\";i:47606;s:5:\"Ubind\";i:9058;s:11:\"LinianScore\";i:2105;s:4:\"TiCe\";i:117;s:6:\"Repair\";i:160;}' WHERE ( `token` = -1 ) AND ( `day` = 20160904 ) [ RunTime:0.001946s ]
INFO: [ action_begin ] --START--
INFO: [ action_begin ] --END-- [ RunTime:-0.008487s ]
SQL: SELECT `public_name` FROM `wp_member_public` WHERE ( `token` = -1 ) LIMIT 1   [ RunTime:0.000119s ]
SQL: SELECT * FROM `wp_follow` WHERE ( `token` = -1 ) AND ( `openid` = 'oikLjwLuQd1xojFSQVIJnVHZGWrk' ) LIMIT 1   [ RunTime:0.000137s ]
NOTIC: [8] Undefined index: need_bind /home/ubuntu/blog/weixin/ThinkPHP/Library/Think/Controller.class.php 第 199 行.
NOTIC: [8] Undefined index: uid /home/ubuntu/blog/weixin/ThinkPHP/Library/Think/Controller.class.php 第 232 行.
SQL: SHOW COLUMNS FROM `wp_user` [ RunTime:0.000864s ]
SQL: UPDATE `wp_user` SET `studentid`=0 WHERE ( openid="oikLjwLuQd1xojFSQVIJnVHZGWrk" ) [ RunTime:0.000349s ]
NOTIC: [8] Undefined variable: module /home/ubuntu/blog/weixin/ThinkPHP/Common/functions.php 第 907 行.
INFO: [ view_begin ] --START--
INFO: [ view_begin ] --END-- [ RunTime:0.000012s ]
INFO: [ view_parse ] --START--
INFO: [ template_filter ] --START--
INFO: Run Behavior\ContentReplace [ RunTime:0.000033s ]
INFO: [ template_filter ] --END-- [ RunTime:0.000066s ]
INFO: Run Behavior\ParseTemplate [ RunTime:0.001583s ]
INFO: [ view_parse ] --END-- [ RunTime:0.001622s ]
INFO: [ view_filter ] --START--
INFO: Run Behavior\WriteHtmlCache [ RunTime:0.000008s ]
INFO: [ view_filter ] --END-- [ RunTime:0.000025s ]
INFO: [ view_end ] --START--
INFO: [ view_end ] --END-- [ RunTime:0.000014s ]

[ 2016-09-04T23:59:35+08:00 ] 223.89.95.110 /weixin/index.php?s=/addon/CourseList/CourseList/course/openid/oikLjwAwakIUxjqTiwx1V_CdpWGM.html
SQL: SELECT * FROM `wp_addons` WHERE ( `name` = 'CourseList' ) LIMIT 1   [ RunTime:0.000054s ]
NOTIC: [8] Undefined index: query /home/ubuntu/blog/weixin/ThinkPHP/Common/functions.php 第 787 行.
SQL: SHOW COLUMNS FROM `wp_tongji` [ RunTime:0.000619s ]
SQL: SELECT * FROM `wp_tongji` WHERE ( `token` = -1 ) AND ( `day` = 20160904 ) LIMIT 1   [ RunTime:0.000390s ]
SQL: UPDATE `wp_tongji` SET `content`='a:10:{s:3:\"Lib\";i:341;s:6:\"Kclass\";i:6961;s:10:\"CourseList\";i:16183;s:8:\"BxqScore\";i:3216;s:6:\"JiDian\";i:1601;s:7:\"Binding\";i:47606;s:5:\"Ubind\";i:9058;s:11:\"LinianScore\";i:2105;s:4:\"TiCe\";i:117;s:6:\"Repair\";i:160;}' WHERE ( `token` = -1 ) AND ( `day` = 20160904 ) [ RunTime:0.001835s ]
INFO: [ action_begin ] --START--
INFO: [ action_begin ] --END-- [ RunTime:-0.009523s ]
SQL: SELECT `public_name` FROM `wp_member_public` WHERE ( `token` = -1 ) LIMIT 1   [ RunTime:0.000136s ]
SQL: SELECT * FROM `wp_follow` WHERE ( `token` = -1 ) AND ( `openid` = 'oikLjwAwakIUxjqTiwx1V_CdpWGM' ) LIMIT 1   [ RunTime:0.000164s ]
NOTIC: [8] Undefined index: need_bind /home/ubuntu/blog/weixin/ThinkPHP/Library/Think/Controller.class.php 第 199 行.
NOTIC: [8] Undefined index: uid /home/ubuntu/blog/weixin/ThinkPHP/Library/Think/Controller.class.php 第 232 行.
SQL: SHOW COLUMNS FROM `wp_user` [ RunTime:0.001156s ]
SQL: SELECT `webcourse` FROM `wp_user` WHERE ( openid="oikLjwAwakIUxjqTiwx1V_CdpWGM" ) LIMIT 1   [ RunTime:0.000183s ]
INFO: [ view_begin ] --START--
INFO: [ view_begin ] --END-- [ RunTime:0.000013s ]
INFO: [ view_parse ] --START--
INFO: [ template_filter ] --START--
INFO: Run Behavior\ContentReplace [ RunTime:0.000083s ]
INFO: [ template_filter ] --END-- [ RunTime:0.000118s ]
NOTIC: [8] Undefined index: query /home/ubuntu/blog/weixin/ThinkPHP/Common/functions.php 第 787 行.
NOTIC: [8] Undefined index: query /home/ubuntu/blog/weixin/ThinkPHP/Common/functions.php 第 787 行.
NOTIC: [8] Undefined index: query /home/ubuntu/blog/weixin/ThinkPHP/Common/functions.php 第 787 行.
NOTIC: [8] Undefined index: query /home/ubuntu/blog/weixin/ThinkPHP/Common/functions.php 第 787 行.
NOTIC: [8] Undefined index: query /home/ubuntu/blog/weixin/ThinkPHP/Common/functions.php 第 787 行.
INFO: Run Behavior\ParseTemplate [ RunTime:0.004474s ]
INFO: [ view_parse ] --END-- [ RunTime:0.004510s ]
INFO: [ view_filter ] --START--
INFO: Run Behavior\WriteHtmlCache [ RunTime:0.000009s ]
INFO: [ view_filter ] --END-- [ RunTime:0.000029s ]
INFO: [ view_end ] --START--
INFO: [ view_end ] --END-- [ RunTime:0.000018s ]
INFO: [ app_end ] --START--
INFO: Run Behavior\ShowPageTrace [ RunTime:0.000022s ]
INFO: [ app_end ] --END-- [ RunTime:0.000043s ]

[ 2016-09-04T23:59:36+08:00 ] 223.89.81.124 /weixin/index.php?s=/addon/Binding/Binding/login.html
SQL: SELECT * FROM `wp_addons` WHERE ( `name` = 'Binding' ) LIMIT 1   [ RunTime:0.000050s ]
NOTIC: [8] Undefined index: query /home/ubuntu/blog/weixin/ThinkPHP/Common/functions.php 第 787 行.
SQL: SHOW COLUMNS FROM `wp_tongji` [ RunTime:0.000558s ]
SQL: SELECT * FROM `wp_tongji` WHERE ( `token` = -1 ) AND ( `day` = 20160904 ) LIMIT 1   [ RunTime:0.000352s ]
SQL: UPDATE `wp_tongji` SET `content`='a:10:{s:3:\"Lib\";i:341;s:6:\"Kclass\";i:6961;s:10:\"CourseList\";i:16183;s:8:\"BxqScore\";i:3216;s:6:\"JiDian\";i:1601;s:7:\"Binding\";i:47607;s:5:\"Ubind\";i:9058;s:11:\"LinianScore\";i:2105;s:4:\"TiCe\";i:117;s:6:\"Repair\";i:160;}' WHERE ( `token` = -1 ) AND ( `day` = 20160904 ) [ RunTime:0.001767s ]
INFO: [ action_begin ] --START--
INFO: [ action_begin ] --END-- [ RunTime:-0.008458s ]
SQL: SELECT `public_name` FROM `wp_member_public` WHERE ( `token` = -1 ) LIMIT 1   [ RunTime:0.000123s ]
SQL: SELECT * FROM `wp_follow` WHERE ( `token` = -1 ) AND ( `openid` = 'oikLjwLuQd1xojFSQVIJnVHZGWrk' ) LIMIT 1   [ RunTime:0.000167s ]
NOTIC: [8] Undefined index: need_bind /home/ubuntu/blog/weixin/ThinkPHP/Library/Think/Controller.class.php 第 199 行.
NOTIC: [8] Undefined index: uid /home/ubuntu/blog/weixin/ThinkPHP/Library/Think/Controller.class.php 第 232 行.
NOTIC: [8] Undefined index: openid /home/ubuntu/blog/weixin/Addons/Binding/Controller/BindingController.class.php 第 176 行.
INFO: [ view_begin ] --START--
INFO: [ view_begin ] --END-- [ RunTime:0.000012s ]
INFO: [ view_parse ] --START--
INFO: [ template_filter ] --START--
INFO: Run Behavior\ContentReplace [ RunTime:0.000038s ]
INFO: [ template_filter ] --END-- [ RunTime:0.000071s ]
NOTIC: [8] Undefined index: query /home/ubuntu/blog/weixin/ThinkPHP/Common/functions.php 第 787 行.
NOTIC: [8] Undefined index: query /home/ubuntu/blog/weixin/ThinkPHP/Common/functions.php 第 787 行.
NOTIC: [8] Undefined index: query /home/ubuntu/blog/weixin/ThinkPHP/Common/functions.php 第 787 行.
NOTIC: [8] Undefined index: query /home/ubuntu/blog/weixin/ThinkPHP/Common/functions.php 第 787 行.
NOTIC: [8] Undefined index: query /home/ubuntu/blog/weixin/ThinkPHP/Common/functions.php 第 787 行.
NOTIC: [8] Undefined index: query /home/ubuntu/blog/weixin/ThinkPHP/Common/functions.php 第 787 行.
INFO: Run Behavior\ParseTemplate [ RunTime:0.002651s ]
INFO: [ view_parse ] --END-- [ RunTime:0.002676s ]
INFO: [ view_filter ] --START--
INFO: Run Behavior\WriteHtmlCache [ RunTime:0.000048s ]
INFO: [ view_filter ] --END-- [ RunTime:0.000070s ]
INFO: [ view_end ] --START--
INFO: [ view_end ] --END-- [ RunTime:0.000008s ]
INFO: [ app_end ] --START--
INFO: Run Behavior\ShowPageTrace [ RunTime:0.000020s ]
INFO: [ app_end ] --END-- [ RunTime:0.000038s ]

[ 2016-09-04T23:59:37+08:00 ] 223.89.81.124 /weixin/index.php?s=/addon/Binding/Binding/verify.html
SQL: SELECT * FROM `wp_addons` WHERE ( `name` = 'Binding' ) LIMIT 1   [ RunTime:0.000051s ]
NOTIC: [8] Undefined index: query /home/ubuntu/blog/weixin/ThinkPHP/Common/functions.php 第 787 行.
SQL: SHOW COLUMNS FROM `wp_tongji` [ RunTime:0.000554s ]
SQL: SELECT * FROM `wp_tongji` WHERE ( `token` = -1 ) AND ( `day` = 20160904 ) LIMIT 1   [ RunTime:0.000384s ]
SQL: UPDATE `wp_tongji` SET `content`='a:10:{s:3:\"Lib\";i:341;s:6:\"Kclass\";i:6961;s:10:\"CourseList\";i:16183;s:8:\"BxqScore\";i:3216;s:6:\"JiDian\";i:1601;s:7:\"Binding\";i:47608;s:5:\"Ubind\";i:9058;s:11:\"LinianScore\";i:2105;s:4:\"TiCe\";i:117;s:6:\"Repair\";i:160;}' WHERE ( `token` = -1 ) AND ( `day` = 20160904 ) [ RunTime:0.001731s ]
INFO: [ action_begin ] --START--
INFO: [ action_begin ] --END-- [ RunTime:-0.008317s ]
SQL: SELECT `public_name` FROM `wp_member_public` WHERE ( `token` = -1 ) LIMIT 1   [ RunTime:0.000125s ]
SQL: SELECT * FROM `wp_follow` WHERE ( `token` = -1 ) AND ( `openid` = 'oikLjwLuQd1xojFSQVIJnVHZGWrk' ) LIMIT 1   [ RunTime:0.000156s ]
NOTIC: [8] Undefined index: need_bind /home/ubuntu/blog/weixin/ThinkPHP/Library/Think/Controller.class.php 第 199 行.
NOTIC: [8] Undefined index: uid /home/ubuntu/blog/weixin/ThinkPHP/Library/Think/Controller.class.php 第 232 行.
INFO: [ app_end ] --START--
INFO: Run Behavior\ShowPageTrace [ RunTime:0.000033s ]
INFO: [ app_end ] --END-- [ RunTime:0.000133s ]

[ 2016-09-04T23:59:41+08:00 ] 114.55.38.196 /weixin/index.php?s=/home/weixin/index.html&signature=4549eb1db3c163aad64242cc47390f2b96e2a390&timestamp=1473004781&nonce=1313978021
NOTIC: [8] Undefined index: uid /home/ubuntu/blog/weixin/ThinkPHP/Library/Think/Controller.class.php 第 135 行.
NOTIC: [8192] mysql_connect(): The mysql extension is deprecated and will be removed in the future: use mysqli or PDO instead /home/ubuntu/blog/weixin/ThinkPHP/Library/Think/Db/Driver/Mysql.class.php 第 52 行.
SQL: SHOW COLUMNS FROM `wp_member` [ RunTime:0.001041s ]
SQL: SELECT * FROM `wp_member` WHERE ( `uid` = 0 ) LIMIT 1   [ RunTime:0.000052s ]
NOTIC: [8] Undefined index: uid /home/ubuntu/blog/weixin/ThinkPHP/Library/Think/Controller.class.php 第 140 行.
NOTIC: [8] Undefined index: doNotInit /home/ubuntu/blog/weixin/Application/Home/Model/WeixinModel.class.php 第 13 行.
SQL: SHOW COLUMNS FROM `wp_follow` [ RunTime:0.000758s ]
SQL: SELECT * FROM `wp_follow` WHERE ( `token` = 'gh_d08c67f7f94c' ) AND ( `openid` = 'oikLjwOS7Q7gVdFsryBJ7PF63NVo' ) LIMIT 1   [ RunTime:0.000217s ]
SQL: SHOW COLUMNS FROM `wp_member_public` [ RunTime:0.000765s ]
SQL: SELECT `addon_config` FROM `wp_member_public` WHERE ( `token` = 'gh_d08c67f7f94c' ) LIMIT 1   [ RunTime:0.000066s ]
SQL: SHOW COLUMNS FROM `wp_addons` [ RunTime:0.000741s ]
SQL: SELECT `config` FROM `wp_addons` WHERE ( `name` = 'UserCenter' ) AND ( `status` = 1 ) LIMIT 1   [ RunTime:0.000071s ]
NOTIC: [8] Undefined index: need_bind /home/ubuntu/blog/weixin/ThinkPHP/Library/Think/Controller.class.php 第 199 行.
SQL: SHOW COLUMNS FROM `wp_config` [ RunTime:0.000732s ]
SQL: SELECT `value` FROM `wp_config` WHERE ( name="FOLLOW_YOUKE_UID" ) LIMIT 1   [ RunTime:0.000220s ]
SQL: UPDATE `wp_config` SET `value`=-688491 WHERE ( name="FOLLOW_YOUKE_UID" ) [ RunTime:0.000135s ]
NOTIC: [8] Undefined index: uid /home/ubuntu/blog/weixin/ThinkPHP/Library/Think/Controller.class.php 第 232 行.
SQL: SHOW COLUMNS FROM `wp_weixin_log` [ RunTime:0.000320s ]
ERR: 144:Table './weixin/wp_weixin_log' is marked as crashed and last (automatic?) repair failed
 [ SQL语句 ] : SHOW COLUMNS FROM `wp_weixin_log`
SQL: INSERT INTO `wp_weixin_log` (`cTime`,`cTime_format`,`data`,`data_post`) VALUES (1473004781,'2016-09-04 23:59:41','a:6:{s:10:\"ToUserName\";s:15:\"gh_d08c67f7f94c\";s:12:\"FromUserName\";s:28:\"oikLjwOS7Q7gVdFsryBJ7PF63NVo\";s:10:\"CreateTime\";s:10:\"1473004781\";s:7:\"MsgType\";s:4:\"text\";s:7:\"Content\";s:6:\"课表\";s:5:\"MsgId\";s:0:\"\";}','<xml>\r\n						<ToUserName><![CDATA[gh_d08c67f7f94c]]></ToUserName><FromUserName><![CDATA[oikLjwOS7Q7gVdFsryBJ7PF63NVo]]></FromUserName><CreateTime>1473004781</CreateTime><MsgType><![CDATA[text]]></MsgType><Content><![CDATA[课表]]></Content><MsgId></MsgId></xml>') [ RunTime:0.000180s ]
ERR: 144:Table './weixin/wp_weixin_log' is marked as crashed and last (automatic?) repair failed
 [ SQL语句 ] : INSERT INTO `wp_weixin_log` (`cTime`,`cTime_format`,`data`,`data_post`) VALUES (1473004781,'2016-09-04 23:59:41','a:6:{s:10:\"ToUserName\";s:15:\"gh_d08c67f7f94c\";s:12:\"FromUserName\";s:28:\"oikLjwOS7Q7gVdFsryBJ7PF63NVo\";s:10:\"CreateTime\";s:10:\"1473004781\";s:7:\"MsgType\";s:4:\"text\";s:7:\"Content\";s:6:\"课表\";s:5:\"MsgId\";s:0:\"\";}','<xml>\r\n						<ToUserName><![CDATA[gh_d08c67f7f94c]]></ToUserName><FromUserName><![CDATA[oikLjwOS7Q7gVdFsryBJ7PF63NVo]]></FromUserName><CreateTime>1473004781</CreateTime><MsgType><![CDATA[text]]></MsgType><Content><![CDATA[课表]]></Content><MsgId></MsgId></xml>')
SQL: SHOW COLUMNS FROM `wp_addons` [ RunTime:0.000929s ]
SQL: SELECT * FROM `wp_member_public` WHERE ( `token` = 'gh_d08c67f7f94c' ) LIMIT 1   [ RunTime:0.000056s ]
SQL: SHOW COLUMNS FROM `wp_addons` [ RunTime:0.000977s ]
SQL: SELECT * FROM `wp_addons` WHERE ( `status` = 1 ) AND ( `type` = 1 )  [ RunTime:0.000063s ]
SQL: SELECT * FROM `wp_member_public` WHERE ( `token` = 'gh_d08c67f7f94c' ) LIMIT 1   [ RunTime:0.000073s ]
NOTIC: [8] Undefined variable: addons /home/ubuntu/blog/weixin/Application/Common/Common/function.php 第 465 行.
NOTIC: [8] Undefined variable: addons /home/ubuntu/blog/weixin/Application/Common/Common/function.php 第 465 行.
NOTIC: [8] Undefined variable: addons /home/ubuntu/blog/weixin/Application/Common/Common/function.php 第 465 行.
NOTIC: [8] Undefined variable: addons /home/ubuntu/blog/weixin/Application/Common/Common/function.php 第 465 行.
NOTIC: [8] Undefined variable: addons /home/ubuntu/blog/weixin/Application/Common/Common/function.php 第 465 行.
NOTIC: [8] Undefined variable: addons /home/ubuntu/blog/weixin/Application/Common/Common/function.php 第 465 行.
NOTIC: [8] Undefined variable: addons /home/ubuntu/blog/weixin/Application/Common/Common/function.php 第 465 行.
NOTIC: [8] Undefined variable: addons /home/ubuntu/blog/weixin/Application/Common/Common/function.php 第 465 行.
NOTIC: [8] Undefined variable: addons /home/ubuntu/blog/weixin/Application/Common/Common/function.php 第 465 行.
NOTIC: [8] Undefined variable: addons /home/ubuntu/blog/weixin/Application/Common/Common/function.php 第 465 行.
NOTIC: [8] Undefined variable: addons /home/ubuntu/blog/weixin/Application/Common/Common/function.php 第 465 行.
NOTIC: [8] Undefined variable: addons /home/ubuntu/blog/weixin/Application/Common/Common/function.php 第 465 行.
NOTIC: [8] Undefined variable: addons /home/ubuntu/blog/weixin/Application/Common/Common/function.php 第 465 行.
NOTIC: [8] Undefined variable: addons /home/ubuntu/blog/weixin/Application/Common/Common/function.php 第 465 行.
NOTIC: [8] Undefined variable: addons /home/ubuntu/blog/weixin/Application/Common/Common/function.php 第 465 行.
NOTIC: [8] Undefined variable: addons /home/ubuntu/blog/weixin/Application/Common/Common/function.php 第 465 行.
NOTIC: [8] Undefined variable: addons /home/ubuntu/blog/weixin/Application/Common/Common/function.php 第 465 行.
NOTIC: [8] Undefined variable: addons /home/ubuntu/blog/weixin/Application/Common/Common/function.php 第 465 行.
NOTIC: [8] Undefined variable: addons /home/ubuntu/blog/weixin/Application/Common/Common/function.php 第 465 行.
NOTIC: [8] Undefined variable: addons /home/ubuntu/blog/weixin/Application/Common/Common/function.php 第 465 行.
NOTIC: [8] Undefined variable: addons /home/ubuntu/blog/weixin/Application/Common/Common/function.php 第 465 行.
NOTIC: [8] Undefined variable: addons /home/ubuntu/blog/weixin/Application/Common/Common/function.php 第 465 行.
NOTIC: [8] Undefined variable: addons /home/ubuntu/blog/weixin/Application/Common/Common/function.php 第 465 行.
NOTIC: [8] Undefined variable: addons /home/ubuntu/blog/weixin/Application/Common/Common/function.php 第 465 行.
NOTIC: [8] Undefined variable: addons /home/ubuntu/blog/weixin/Application/Common/Common/function.php 第 465 行.
NOTIC: [8] Undefined variable: addons /home/ubuntu/blog/weixin/Application/Common/Common/function.php 第 465 行.
NOTIC: [8] Undefined variable: addons /home/ubuntu/blog/weixin/Application/Common/Common/function.php 第 465 行.
NOTIC: [8] Undefined variable: addons /home/ubuntu/blog/weixin/Application/Common/Common/function.php 第 465 行.
NOTIC: [8] Undefined variable: addons /home/ubuntu/blog/weixin/Application/Common/Common/function.php 第 465 行.
NOTIC: [8] Undefined variable: addons /home/ubuntu/blog/weixin/Application/Common/Common/function.php 第 465 行.
NOTIC: [8] Undefined variable: addons /home/ubuntu/blog/weixin/Application/Common/Common/function.php 第 465 行.
NOTIC: [8] Undefined variable: addons /home/ubuntu/blog/weixin/Application/Common/Common/function.php 第 465 行.
NOTIC: [8] Undefined variable: addons /home/ubuntu/blog/weixin/Application/Common/Common/function.php 第 465 行.
NOTIC: [8] Undefined variable: addons /home/ubuntu/blog/weixin/Application/Common/Common/function.php 第 465 行.
NOTIC: [8] Undefined variable: addons /home/ubuntu/blog/weixin/Application/Common/Common/function.php 第 465 行.
NOTIC: [8] Undefined variable: addons /home/ubuntu/blog/weixin/Application/Common/Common/function.php 第 465 行.
NOTIC: [8] Undefined variable: addons /home/ubuntu/blog/weixin/Application/Common/Common/function.php 第 465 行.
NOTIC: [8] Undefined variable: addons /home/ubuntu/blog/weixin/Application/Common/Common/function.php 第 465 行.
NOTIC: [8] Undefined variable: addons /home/ubuntu/blog/weixin/Application/Common/Common/function.php 第 465 行.
NOTIC: [8] Undefined variable: addons /home/ubuntu/blog/weixin/Application/Common/Common/function.php 第 465 行.
NOTIC: [8] Undefined index: doNotInit /home/ubuntu/blog/weixin/Application/Home/Model/WeixinModel.class.php 第 13 行.
SQL: SHOW COLUMNS FROM `wp_user` [ RunTime:0.001226s ]
SQL: SELECT `studentid` FROM `wp_user` WHERE ( openid="oikLjwOS7Q7gVdFsryBJ7PF63NVo" ) LIMIT 1   [ RunTime:0.063432s ]
SQL: SELECT `course` FROM `wp_user` WHERE ( openid="oikLjwOS7Q7gVdFsryBJ7PF63NVo" ) LIMIT 1   [ RunTime:0.000254s ]
NOTIC: [8] Undefined variable: addons /home/ubuntu/blog/weixin/Application/Common/Common/function.php 第 465 行.
NOTIC: [8] Undefined variable: addons /home/ubuntu/blog/weixin/Application/Common/Common/function.php 第 465 行.
SQL: INSERT INTO `wp_weixin_log` (`cTime`,`cTime_format`,`data`,`data_post`) VALUES (1473004781,'2016-09-04 23:59:41','<?xml version=\"1.0\"?>\n<xml><ArticleCount>2</ArticleCount><Articles><item><Title><![CDATA[今天是星期日]]></Title><PicUrl><![CDATA[http://imgsrc.baidu.com/forum/w%3D580/sign=b14afd2e0cf41bd5da53e8fc61da81a0/5c6409d162d9f2d39b783eeaabec8a136227ccde.jpg]]></PicUrl><Url><![CDATA[https://blog.niool.com/weixin/index.php?s=/addon/CourseList/CourseList/course/openid/oikLjwOS7Q7gVdFsryBJ7PF63NVo.html]]></Url></item><item><Title><![CDATA[点我可查看空教室\n点击图片可查看全部课表\n回复解绑可以导入新学期课表]]></Title><Url><![CDATA[https://blog.niool.com/weixin/index.php?s=/addon/Kclass/Kclass/login.html]]></Url></item></Articles><ToUserName><![CDATA[oikLjwOS7Q7gVdFsryBJ7PF63NVo]]></ToUserName><FromUserName><![CDATA[gh_d08c67f7f94c]]></FromUserName><CreateTime>1473004781</CreateTime><MsgType><![CDATA[news]]></MsgType></xml>\n','_replyData') [ RunTime:0.000262s ]
ERR: 144:Table './weixin/wp_weixin_log' is marked as crashed and last (automatic?) repair failed
 [ SQL语句 ] : INSERT INTO `wp_weixin_log` (`cTime`,`cTime_format`,`data`,`data_post`) VALUES (1473004781,'2016-09-04 23:59:41','<?xml version=\"1.0\"?>\n<xml><ArticleCount>2</ArticleCount><Articles><item><Title><![CDATA[今天是星期日]]></Title><PicUrl><![CDATA[http://imgsrc.baidu.com/forum/w%3D580/sign=b14afd2e0cf41bd5da53e8fc61da81a0/5c6409d162d9f2d39b783eeaabec8a136227ccde.jpg]]></PicUrl><Url><![CDATA[https://blog.niool.com/weixin/index.php?s=/addon/CourseList/CourseList/course/openid/oikLjwOS7Q7gVdFsryBJ7PF63NVo.html]]></Url></item><item><Title><![CDATA[点我可查看空教室\n点击图片可查看全部课表\n回复解绑可以导入新学期课表]]></Title><Url><![CDATA[https://blog.niool.com/weixin/index.php?s=/addon/Kclass/Kclass/login.html]]></Url></item></Articles><ToUserName><![CDATA[oikLjwOS7Q7gVdFsryBJ7PF63NVo]]></ToUserName><FromUserName><![CDATA[gh_d08c67f7f94c]]></FromUserName><CreateTime>1473004781</CreateTime><MsgType><![CDATA[news]]></MsgType></xml>\n','_replyData')
SQL: SHOW COLUMNS FROM `wp_tongji` [ RunTime:0.000646s ]
SQL: SELECT * FROM `wp_tongji` WHERE ( `token` = 'gh_d08c67f7f94c' ) AND ( `day` = 20160904 ) LIMIT 1   [ RunTime:0.000320s ]
SQL: UPDATE `wp_tongji` SET `content`='a:13:{s:3:\"Lib\";i:200;s:10:\"SchoolCard\";i:482;s:10:\"CourseList\";i:9746;s:8:\"BxqScore\";i:1288;s:6:\"Repair\";i:76;s:7:\"Weather\";i:41;s:7:\"English\";i:81;s:6:\"JiDian\";i:366;s:5:\"Ubind\";i:3998;s:7:\"Binding\";i:779;s:4:\"Cet4\";i:144;s:4:\"TiCe\";i:5;s:11:\"LinianScore\";i:1;}' WHERE ( `token` = 'gh_d08c67f7f94c' ) AND ( `day` = 20160904 ) [ RunTime:0.001636s ]

[ 2016-09-04T23:59:42+08:00 ] 223.89.81.124 /weixin/index.php?s=/addon/Binding/Binding/login.html
SQL: SELECT * FROM `wp_addons` WHERE ( `name` = 'Binding' ) LIMIT 1   [ RunTime:0.000051s ]
NOTIC: [8] Undefined index: query /home/ubuntu/blog/weixin/ThinkPHP/Common/functions.php 第 787 行.
SQL: SHOW COLUMNS FROM `wp_tongji` [ RunTime:0.000716s ]
SQL: SELECT * FROM `wp_tongji` WHERE ( `token` = -1 ) AND ( `day` = 20160904 ) LIMIT 1   [ RunTime:0.000321s ]
SQL: UPDATE `wp_tongji` SET `content`='a:10:{s:3:\"Lib\";i:341;s:6:\"Kclass\";i:6961;s:10:\"CourseList\";i:16183;s:8:\"BxqScore\";i:3216;s:6:\"JiDian\";i:1601;s:7:\"Binding\";i:47609;s:5:\"Ubind\";i:9058;s:11:\"LinianScore\";i:2105;s:4:\"TiCe\";i:117;s:6:\"Repair\";i:160;}' WHERE ( `token` = -1 ) AND ( `day` = 20160904 ) [ RunTime:0.001739s ]
INFO: [ action_begin ] --START--
INFO: [ action_begin ] --END-- [ RunTime:-0.008615s ]
SQL: SELECT `public_name` FROM `wp_member_public` WHERE ( `token` = -1 ) LIMIT 1   [ RunTime:0.000132s ]
SQL: SELECT * FROM `wp_follow` WHERE ( `token` = -1 ) AND ( `openid` = 'oikLjwLuQd1xojFSQVIJnVHZGWrk' ) LIMIT 1   [ RunTime:0.000154s ]
NOTIC: [8] Undefined index: need_bind /home/ubuntu/blog/weixin/ThinkPHP/Library/Think/Controller.class.php 第 199 行.
NOTIC: [8] Undefined index: uid /home/ubuntu/blog/weixin/ThinkPHP/Library/Think/Controller.class.php 第 232 行.
NOTIC: [8] Undefined index: openid /home/ubuntu/blog/weixin/Addons/Binding/Controller/BindingController.class.php 第 176 行.
INFO: [ view_begin ] --START--
INFO: [ view_begin ] --END-- [ RunTime:0.000010s ]
INFO: [ view_parse ] --START--
INFO: [ template_filter ] --START--
INFO: Run Behavior\ContentReplace [ RunTime:0.000038s ]
INFO: [ template_filter ] --END-- [ RunTime:0.000073s ]
NOTIC: [8] Undefined index: query /home/ubuntu/blog/weixin/ThinkPHP/Common/functions.php 第 787 行.
NOTIC: [8] Undefined index: query /home/ubuntu/blog/weixin/ThinkPHP/Common/functions.php 第 787 行.
NOTIC: [8] Undefined index: query /home/ubuntu/blog/weixin/ThinkPHP/Common/functions.php 第 787 行.
NOTIC: [8] Undefined index: query /home/ubuntu/blog/weixin/ThinkPHP/Common/functions.php 第 787 行.
NOTIC: [8] Undefined index: query /home/ubuntu/blog/weixin/ThinkPHP/Common/functions.php 第 787 行.
NOTIC: [8] Undefined index: query /home/ubuntu/blog/weixin/ThinkPHP/Common/functions.php 第 787 行.
INFO: Run Behavior\ParseTemplate [ RunTime:0.003007s ]
INFO: [ view_parse ] --END-- [ RunTime:0.003033s ]
INFO: [ view_filter ] --START--
INFO: Run Behavior\WriteHtmlCache [ RunTime:0.000008s ]
INFO: [ view_filter ] --END-- [ RunTime:0.000026s ]
INFO: [ view_end ] --START--
INFO: [ view_end ] --END-- [ RunTime:0.000009s ]
INFO: [ app_end ] --START--
INFO: Run Behavior\ShowPageTrace [ RunTime:0.000020s ]
INFO: [ app_end ] --END-- [ RunTime:0.000038s ]

[ 2016-09-04T23:59:43+08:00 ] 223.89.81.124 /weixin/index.php?s=/addon/Binding/Binding/verify.html
SQL: SELECT * FROM `wp_addons` WHERE ( `name` = 'Binding' ) LIMIT 1   [ RunTime:0.000103s ]
NOTIC: [8] Undefined index: query /home/ubuntu/blog/weixin/ThinkPHP/Common/functions.php 第 787 行.
SQL: SHOW COLUMNS FROM `wp_tongji` [ RunTime:0.000588s ]
SQL: SELECT * FROM `wp_tongji` WHERE ( `token` = -1 ) AND ( `day` = 20160904 ) LIMIT 1   [ RunTime:0.000489s ]
SQL: UPDATE `wp_tongji` SET `content`='a:10:{s:3:\"Lib\";i:341;s:6:\"Kclass\";i:6961;s:10:\"CourseList\";i:16183;s:8:\"BxqScore\";i:3216;s:6:\"JiDian\";i:1601;s:7:\"Binding\";i:47610;s:5:\"Ubind\";i:9058;s:11:\"LinianScore\";i:2105;s:4:\"TiCe\";i:117;s:6:\"Repair\";i:160;}' WHERE ( `token` = -1 ) AND ( `day` = 20160904 ) [ RunTime:0.001858s ]
INFO: [ action_begin ] --START--
INFO: [ action_begin ] --END-- [ RunTime:-0.009235s ]
SQL: SELECT `public_name` FROM `wp_member_public` WHERE ( `token` = -1 ) LIMIT 1   [ RunTime:0.000119s ]
SQL: SELECT * FROM `wp_follow` WHERE ( `token` = -1 ) AND ( `openid` = 'oikLjwLuQd1xojFSQVIJnVHZGWrk' ) LIMIT 1   [ RunTime:0.000181s ]
NOTIC: [8] Undefined index: need_bind /home/ubuntu/blog/weixin/ThinkPHP/Library/Think/Controller.class.php 第 199 行.
NOTIC: [8] Undefined index: uid /home/ubuntu/blog/weixin/ThinkPHP/Library/Think/Controller.class.php 第 232 行.
INFO: [ app_end ] --START--
INFO: Run Behavior\ShowPageTrace [ RunTime:0.000038s ]
INFO: [ app_end ] --END-- [ RunTime:0.000123s ]

[ 2016-09-04T23:59:46+08:00 ] 182.118.166.239 /weixin/index.php?s=/addon/Binding/Binding/binding.html
SQL: SELECT * FROM `wp_addons` WHERE ( `name` = 'Binding' ) LIMIT 1   [ RunTime:0.000059s ]
NOTIC: [8] Undefined index: query /home/ubuntu/blog/weixin/ThinkPHP/Common/functions.php 第 787 行.
SQL: SHOW COLUMNS FROM `wp_tongji` [ RunTime:0.000619s ]
SQL: SELECT * FROM `wp_tongji` WHERE ( `token` = -1 ) AND ( `day` = 20160904 ) LIMIT 1   [ RunTime:0.000340s ]
SQL: UPDATE `wp_tongji` SET `content`='a:10:{s:3:\"Lib\";i:341;s:6:\"Kclass\";i:6961;s:10:\"CourseList\";i:16183;s:8:\"BxqScore\";i:3216;s:6:\"JiDian\";i:1601;s:7:\"Binding\";i:47611;s:5:\"Ubind\";i:9058;s:11:\"LinianScore\";i:2105;s:4:\"TiCe\";i:117;s:6:\"Repair\";i:160;}' WHERE ( `token` = -1 ) AND ( `day` = 20160904 ) [ RunTime:0.001895s ]
INFO: [ action_begin ] --START--
INFO: [ action_begin ] --END-- [ RunTime:-0.009281s ]
SQL: SELECT `public_name` FROM `wp_member_public` WHERE ( `token` = -1 ) LIMIT 1   [ RunTime:0.000130s ]
SQL: SELECT * FROM `wp_follow` WHERE ( `token` = -1 ) AND ( `openid` = 'oikLjwBczhkXqFxNx5zzx6RYihmw' ) LIMIT 1   [ RunTime:0.000161s ]
NOTIC: [8] Undefined index: need_bind /home/ubuntu/blog/weixin/ThinkPHP/Library/Think/Controller.class.php 第 199 行.
NOTIC: [8] Undefined index: uid /home/ubuntu/blog/weixin/ThinkPHP/Library/Think/Controller.class.php 第 232 行.
NOTIC: [2] Missing argument 1 for Addons\Binding\Controller\BindingController::getStudentInfo(), called in /home/ubuntu/blog/weixin/Addons/Binding/Controller/BindingController.class.php on line 239 and defined /home/ubuntu/blog/weixin/Addons/Binding/Controller/BindingController.class.php 第 182 行.
NOTIC: [2] Missing argument 2 for Addons\Binding\Controller\BindingController::getStudentInfo(), called in /home/ubuntu/blog/weixin/Addons/Binding/Controller/BindingController.class.php on line 239 and defined /home/ubuntu/blog/weixin/Addons/Binding/Controller/BindingController.class.php 第 182 行.
NOTIC: [2] Missing argument 3 for Addons\Binding\Controller\BindingController::getStudentInfo(), called in /home/ubuntu/blog/weixin/Addons/Binding/Controller/BindingController.class.php on line 239 and defined /home/ubuntu/blog/weixin/Addons/Binding/Controller/BindingController.class.php 第 182 行.
NOTIC: [2] Missing argument 4 for Addons\Binding\Controller\BindingController::getStudentInfo(), called in /home/ubuntu/blog/weixin/Addons/Binding/Controller/BindingController.class.php on line 239 and defined /home/ubuntu/blog/weixin/Addons/Binding/Controller/BindingController.class.php 第 182 行.
NOTIC: [8] Undefined offset: 2 /home/ubuntu/blog/weixin/Addons/Binding/Controller/BindingController.class.php 第 246 行.
NOTIC: [8] Undefined offset: 4 /home/ubuntu/blog/weixin/Addons/Binding/Controller/BindingController.class.php 第 248 行.
NOTIC: [8] Undefined offset: 9 /home/ubuntu/blog/weixin/Addons/Binding/Controller/BindingController.class.php 第 249 行.
NOTIC: [8] Undefined offset: 19 /home/ubuntu/blog/weixin/Addons/Binding/Controller/BindingController.class.php 第 250 行.
NOTIC: [8] Undefined offset: 55 /home/ubuntu/blog/weixin/Addons/Binding/Controller/BindingController.class.php 第 251 行.
NOTIC: [8] Undefined offset: 21 /home/ubuntu/blog/weixin/Addons/Binding/Controller/BindingController.class.php 第 252 行.
NOTIC: [8] Undefined offset: 7 /home/ubuntu/blog/weixin/Addons/Binding/Controller/BindingController.class.php 第 253 行.
NOTIC: [8] Undefined offset: 29 /home/ubuntu/blog/weixin/Addons/Binding/Controller/BindingController.class.php 第 254 行.
NOTIC: [8] Undefined offset: 35 /home/ubuntu/blog/weixin/Addons/Binding/Controller/BindingController.class.php 第 255 行.
NOTIC: [8] Undefined offset: 47 /home/ubuntu/blog/weixin/Addons/Binding/Controller/BindingController.class.php 第 256 行.
NOTIC: [8] Undefined variable: module /home/ubuntu/blog/weixin/ThinkPHP/Common/functions.php 第 907 行.
INFO: [ view_begin ] --START--
INFO: [ view_begin ] --END-- [ RunTime:0.000013s ]
INFO: [ view_parse ] --START--
INFO: [ template_filter ] --START--
INFO: Run Behavior\ContentReplace [ RunTime:0.000038s ]
INFO: [ template_filter ] --END-- [ RunTime:0.000076s ]
INFO: Run Behavior\ParseTemplate [ RunTime:0.001823s ]
INFO: [ view_parse ] --END-- [ RunTime:0.001861s ]
INFO: [ view_filter ] --START--
INFO: Run Behavior\WriteHtmlCache [ RunTime:0.000008s ]
INFO: [ view_filter ] --END-- [ RunTime:0.000029s ]
INFO: [ view_end ] --START--
INFO: [ view_end ] --END-- [ RunTime:0.000008s ]

[ 2016-09-04T23:59:46+08:00 ] 223.89.89.165 /weixin/index.php?s=/addon/CourseList/CourseList/course/openid/oikLjwOS7Q7gVdFsryBJ7PF63NVo.html
SQL: SELECT * FROM `wp_addons` WHERE ( `name` = 'CourseList' ) LIMIT 1   [ RunTime:0.000482s ]
NOTIC: [8] Undefined index: query /home/ubuntu/blog/weixin/ThinkPHP/Common/functions.php 第 787 行.
SQL: SHOW COLUMNS FROM `wp_tongji` [ RunTime:0.000636s ]
SQL: SELECT * FROM `wp_tongji` WHERE ( `token` = -1 ) AND ( `day` = 20160904 ) LIMIT 1   [ RunTime:0.000343s ]
SQL: UPDATE `wp_tongji` SET `content`='a:10:{s:3:\"Lib\";i:341;s:6:\"Kclass\";i:6961;s:10:\"CourseList\";i:16184;s:8:\"BxqScore\";i:3216;s:6:\"JiDian\";i:1601;s:7:\"Binding\";i:47611;s:5:\"Ubind\";i:9058;s:11:\"LinianScore\";i:2105;s:4:\"TiCe\";i:117;s:6:\"Repair\";i:160;}' WHERE ( `token` = -1 ) AND ( `day` = 20160904 ) [ RunTime:0.001693s ]
INFO: [ action_begin ] --START--
INFO: [ action_begin ] --END-- [ RunTime:-0.011186s ]
SQL: SELECT `public_name` FROM `wp_member_public` WHERE ( `token` = -1 ) LIMIT 1   [ RunTime:0.000123s ]
SQL: SELECT * FROM `wp_follow` WHERE ( `token` = -1 ) AND ( `openid` = 'oikLjwOS7Q7gVdFsryBJ7PF63NVo' ) LIMIT 1   [ RunTime:0.000150s ]
NOTIC: [8] Undefined index: need_bind /home/ubuntu/blog/weixin/ThinkPHP/Library/Think/Controller.class.php 第 199 行.
NOTIC: [8] Undefined index: uid /home/ubuntu/blog/weixin/ThinkPHP/Library/Think/Controller.class.php 第 232 行.
SQL: SHOW COLUMNS FROM `wp_user` [ RunTime:0.000968s ]
SQL: SELECT `webcourse` FROM `wp_user` WHERE ( openid="oikLjwOS7Q7gVdFsryBJ7PF63NVo" ) LIMIT 1   [ RunTime:0.000194s ]
INFO: [ view_begin ] --START--
INFO: [ view_begin ] --END-- [ RunTime:0.000013s ]
INFO: [ view_parse ] --START--
INFO: [ template_filter ] --START--
INFO: Run Behavior\ContentReplace [ RunTime:0.000080s ]
INFO: [ template_filter ] --END-- [ RunTime:0.000116s ]
NOTIC: [8] Undefined index: query /home/ubuntu/blog/weixin/ThinkPHP/Common/functions.php 第 787 行.
NOTIC: [8] Undefined index: query /home/ubuntu/blog/weixin/ThinkPHP/Common/functions.php 第 787 行.
NOTIC: [8] Undefined index: query /home/ubuntu/blog/weixin/ThinkPHP/Common/functions.php 第 787 行.
NOTIC: [8] Undefined index: query /home/ubuntu/blog/weixin/ThinkPHP/Common/functions.php 第 787 行.
NOTIC: [8] Undefined index: query /home/ubuntu/blog/weixin/ThinkPHP/Common/functions.php 第 787 行.
INFO: Run Behavior\ParseTemplate [ RunTime:0.003997s ]
INFO: [ view_parse ] --END-- [ RunTime:0.004037s ]
INFO: [ view_filter ] --START--
INFO: Run Behavior\WriteHtmlCache [ RunTime:0.000012s ]
INFO: [ view_filter ] --END-- [ RunTime:0.000081s ]
INFO: [ view_end ] --START--
INFO: [ view_end ] --END-- [ RunTime:0.000014s ]
INFO: [ app_end ] --START--
INFO: Run Behavior\ShowPageTrace [ RunTime:0.000052s ]
INFO: [ app_end ] --END-- [ RunTime:0.000093s ]

[ 2016-09-04T23:59:56+08:00 ] 223.89.84.106 /weixin/index.php?s=/addon/CourseList/CourseList/course/openid/oikLjwB27V3heVXp1zmRQnimBY_0.html
SQL: SELECT * FROM `wp_addons` WHERE ( `name` = 'CourseList' ) LIMIT 1   [ RunTime:0.000051s ]
NOTIC: [8] Undefined index: query /home/ubuntu/blog/weixin/ThinkPHP/Common/functions.php 第 787 行.
SQL: SHOW COLUMNS FROM `wp_tongji` [ RunTime:0.000535s ]
SQL: SELECT * FROM `wp_tongji` WHERE ( `token` = -1 ) AND ( `day` = 20160904 ) LIMIT 1   [ RunTime:0.000341s ]
SQL: UPDATE `wp_tongji` SET `content`='a:10:{s:3:\"Lib\";i:341;s:6:\"Kclass\";i:6961;s:10:\"CourseList\";i:16185;s:8:\"BxqScore\";i:3216;s:6:\"JiDian\";i:1601;s:7:\"Binding\";i:47611;s:5:\"Ubind\";i:9058;s:11:\"LinianScore\";i:2105;s:4:\"TiCe\";i:117;s:6:\"Repair\";i:160;}' WHERE ( `token` = -1 ) AND ( `day` = 20160904 ) [ RunTime:0.001735s ]
INFO: [ action_begin ] --START--
INFO: [ action_begin ] --END-- [ RunTime:-0.009163s ]
SQL: SELECT `public_name` FROM `wp_member_public` WHERE ( `token` = -1 ) LIMIT 1   [ RunTime:0.000127s ]
SQL: SELECT * FROM `wp_follow` WHERE ( `token` = -1 ) AND ( `openid` = 'oikLjwB27V3heVXp1zmRQnimBY_0' ) LIMIT 1   [ RunTime:0.000168s ]
NOTIC: [8] Undefined index: need_bind /home/ubuntu/blog/weixin/ThinkPHP/Library/Think/Controller.class.php 第 199 行.
NOTIC: [8] Undefined index: uid /home/ubuntu/blog/weixin/ThinkPHP/Library/Think/Controller.class.php 第 232 行.
SQL: SHOW COLUMNS FROM `wp_user` [ RunTime:0.000875s ]
SQL: SELECT `webcourse` FROM `wp_user` WHERE ( openid="oikLjwB27V3heVXp1zmRQnimBY_0" ) LIMIT 1   [ RunTime:0.000185s ]
INFO: [ view_begin ] --START--
INFO: [ view_begin ] --END-- [ RunTime:0.000024s ]
INFO: [ view_parse ] --START--
INFO: [ template_filter ] --START--
INFO: Run Behavior\ContentReplace [ RunTime:0.000084s ]
INFO: [ template_filter ] --END-- [ RunTime:0.000118s ]
NOTIC: [8] Undefined index: query /home/ubuntu/blog/weixin/ThinkPHP/Common/functions.php 第 787 行.
NOTIC: [8] Undefined index: query /home/ubuntu/blog/weixin/ThinkPHP/Common/functions.php 第 787 行.
NOTIC: [8] Undefined index: query /home/ubuntu/blog/weixin/ThinkPHP/Common/functions.php 第 787 行.
NOTIC: [8] Undefined index: query /home/ubuntu/blog/weixin/ThinkPHP/Common/functions.php 第 787 行.
NOTIC: [8] Undefined index: query /home/ubuntu/blog/weixin/ThinkPHP/Common/functions.php 第 787 行.
INFO: Run Behavior\ParseTemplate [ RunTime:0.003882s ]
INFO: [ view_parse ] --END-- [ RunTime:0.003909s ]
INFO: [ view_filter ] --START--
INFO: Run Behavior\WriteHtmlCache [ RunTime:0.000008s ]
INFO: [ view_filter ] --END-- [ RunTime:0.000028s ]
INFO: [ view_end ] --START--
INFO: [ view_end ] --END-- [ RunTime:0.000014s ]
INFO: [ app_end ] --START--
INFO: Run Behavior\ShowPageTrace [ RunTime:0.000023s ]
INFO: [ app_end ] --END-- [ RunTime:0.000043s ]

[ 2016-09-04T23:59:59+08:00 ] 223.89.84.135 /weixin/index.php?s=/addon/CourseList/CourseList/course/openid/oikLjwAhJ0NsLpRTaq8NxuA-f1wU.html
SQL: SELECT * FROM `wp_addons` WHERE ( `name` = 'CourseList' ) LIMIT 1   [ RunTime:0.000051s ]
NOTIC: [8] Undefined index: query /home/ubuntu/blog/weixin/ThinkPHP/Common/functions.php 第 787 行.
SQL: SHOW COLUMNS FROM `wp_tongji` [ RunTime:0.000492s ]
SQL: SELECT * FROM `wp_tongji` WHERE ( `token` = -1 ) AND ( `day` = 20160904 ) LIMIT 1   [ RunTime:0.000347s ]
SQL: UPDATE `wp_tongji` SET `content`='a:10:{s:3:\"Lib\";i:341;s:6:\"Kclass\";i:6961;s:10:\"CourseList\";i:16186;s:8:\"BxqScore\";i:3216;s:6:\"JiDian\";i:1601;s:7:\"Binding\";i:47611;s:5:\"Ubind\";i:9058;s:11:\"LinianScore\";i:2105;s:4:\"TiCe\";i:117;s:6:\"Repair\";i:160;}' WHERE ( `token` = -1 ) AND ( `day` = 20160904 ) [ RunTime:0.001955s ]
INFO: [ action_begin ] --START--
INFO: [ action_begin ] --END-- [ RunTime:-0.010059s ]
SQL: SELECT `public_name` FROM `wp_member_public` WHERE ( `token` = -1 ) LIMIT 1   [ RunTime:0.000133s ]
SQL: SELECT * FROM `wp_follow` WHERE ( `token` = -1 ) AND ( `openid` = 'oikLjwAhJ0NsLpRTaq8NxuA-f1wU' ) LIMIT 1   [ RunTime:0.000168s ]
NOTIC: [8] Undefined index: need_bind /home/ubuntu/blog/weixin/ThinkPHP/Library/Think/Controller.class.php 第 199 行.
NOTIC: [8] Undefined index: uid /home/ubuntu/blog/weixin/ThinkPHP/Library/Think/Controller.class.php 第 232 行.
SQL: SHOW COLUMNS FROM `wp_user` [ RunTime:0.001174s ]
SQL: SELECT `webcourse` FROM `wp_user` WHERE ( openid="oikLjwAhJ0NsLpRTaq8NxuA-f1wU" ) LIMIT 1   [ RunTime:0.000194s ]
INFO: [ view_begin ] --START--
INFO: [ view_begin ] --END-- [ RunTime:0.000022s ]
INFO: [ view_parse ] --START--
INFO: [ template_filter ] --START--
INFO: Run Behavior\ContentReplace [ RunTime:0.000109s ]
INFO: [ template_filter ] --END-- [ RunTime:0.000146s ]
NOTIC: [8] Undefined index: query /home/ubuntu/blog/weixin/ThinkPHP/Common/functions.php 第 787 行.
NOTIC: [8] Undefined index: query /home/ubuntu/blog/weixin/ThinkPHP/Common/functions.php 第 787 行.
NOTIC: [8] Undefined index: query /home/ubuntu/blog/weixin/ThinkPHP/Common/functions.php 第 787 行.
NOTIC: [8] Undefined index: query /home/ubuntu/blog/weixin/ThinkPHP/Common/functions.php 第 787 行.
NOTIC: [8] Undefined index: query /home/ubuntu/blog/weixin/ThinkPHP/Common/functions.php 第 787 行.
INFO: Run Behavior\ParseTemplate [ RunTime:0.004644s ]
INFO: [ view_parse ] --END-- [ RunTime:0.004680s ]
INFO: [ view_filter ] --START--
INFO: Run Behavior\WriteHtmlCache [ RunTime:0.000009s ]
INFO: [ view_filter ] --END-- [ RunTime:0.000028s ]
INFO: [ view_end ] --START--
INFO: [ view_end ] --END-- [ RunTime:0.000016s ]
INFO: [ app_end ] --START--
INFO: Run Behavior\ShowPageTrace [ RunTime:0.000023s ]
INFO: [ app_end ] --END-- [ RunTime:0.000044s ]

